Using pre-set license
Built from '2022.3/staging' branch; Version is '2022.3.27f1 (73effa14754f) revision 7598074'; Using compiler version '192829333'; Build Type 'Release'
OS: 'Windows 11  (10.0.22631) 64bit Professional' Language: 'ko' Physical Memory: 32539 MB
BatchMode: 1, IsHumanControllingUs: 0, StartBugReporterOnCrash: 0, Is64bit: 1, IsPro: 1

COMMAND LINE ARGUMENTS:
C:\Program Files\Unity\Hub\Editor\2022.3.27f1\Editor\Unity.exe
-adb2
-batchMode
-noUpm
-name
AssetImportWorker2
-projectPath
C:/Users/brave/3D 운전교실
-logFile
Logs/AssetImportWorker2.log
-srvPort
52388
Successfully changed project path to: C:/Users/brave/3D 운전교실
C:/Users/brave/3D 운전교실
[UnityMemory] Configuration Parameters - Can be set up in boot.config
    "memorysetup-bucket-allocator-granularity=16"
    "memorysetup-bucket-allocator-bucket-count=8"
    "memorysetup-bucket-allocator-block-size=33554432"
    "memorysetup-bucket-allocator-block-count=8"
    "memorysetup-main-allocator-block-size=16777216"
    "memorysetup-thread-allocator-block-size=16777216"
    "memorysetup-gfx-main-allocator-block-size=16777216"
    "memorysetup-gfx-thread-allocator-block-size=16777216"
    "memorysetup-cache-allocator-block-size=4194304"
    "memorysetup-typetree-allocator-block-size=2097152"
    "memorysetup-profiler-bucket-allocator-granularity=16"
    "memorysetup-profiler-bucket-allocator-bucket-count=8"
    "memorysetup-profiler-bucket-allocator-block-size=33554432"
    "memorysetup-profiler-bucket-allocator-block-count=8"
    "memorysetup-profiler-allocator-block-size=16777216"
    "memorysetup-profiler-editor-allocator-block-size=1048576"
    "memorysetup-temp-allocator-size-main=16777216"
    "memorysetup-job-temp-allocator-block-size=2097152"
    "memorysetup-job-temp-allocator-block-size-background=1048576"
    "memorysetup-job-temp-allocator-reduction-small-platforms=262144"
    "memorysetup-allocator-temp-initial-block-size-main=262144"
    "memorysetup-allocator-temp-initial-block-size-worker=262144"
    "memorysetup-temp-allocator-size-background-worker=32768"
    "memorysetup-temp-allocator-size-job-worker=262144"
    "memorysetup-temp-allocator-size-preload-manager=33554432"
    "memorysetup-temp-allocator-size-nav-mesh-worker=65536"
    "memorysetup-temp-allocator-size-audio-worker=65536"
    "memorysetup-temp-allocator-size-cloud-worker=32768"
    "memorysetup-temp-allocator-size-gi-baking-worker=262144"
    "memorysetup-temp-allocator-size-gfx=262144"
Player connection [1564] Host "[IP] 192.168.45.118 [Port] 0 [Flags] 2 [Guid] 1862773790 [EditorId] 1862773790 [Version] 1048832 [Id] WindowsEditor(7,ARC) [Debug] 1 [PackageName] WindowsEditor [ProjectName] Editor" joined multi-casting on [225.0.0.222:54997]...

Player connection [1564] Host "[IP] 192.168.45.118 [Port] 0 [Flags] 2 [Guid] 1862773790 [EditorId] 1862773790 [Version] 1048832 [Id] WindowsEditor(7,ARC) [Debug] 1 [PackageName] WindowsEditor [ProjectName] Editor" joined alternative multi-casting on [225.0.0.222:34997]...

[Physics::Module] Initialized MultithreadedJobDispatcher with 15 workers.
Refreshing native plugins compatible for Editor in 7.32 ms, found 4 plugins.
Preloading 0 native plugins for Editor in 0.00 ms.
Initialize engine version: 2022.3.27f1 (73effa14754f)
[Subsystems] Discovering subsystems at path C:/Program Files/Unity/Hub/Editor/2022.3.27f1/Editor/Data/Resources/UnitySubsystems
[Subsystems] Discovering subsystems at path C:/Users/brave/3D 운전교실/Assets
GfxDevice: creating device client; threaded=0; jobified=0
Direct3D:
    Version:  Direct3D 11.0 [level 11.1]
    Renderer: NVIDIA GeForce RTX 4060 Laptop GPU (ID=0x28a0)
    Vendor:   NVIDIA
    VRAM:     7971 MB
    Driver:   31.0.15.2892
Initialize mono
Mono path[0] = 'C:/Program Files/Unity/Hub/Editor/2022.3.27f1/Editor/Data/Managed'
Mono path[1] = 'C:/Program Files/Unity/Hub/Editor/2022.3.27f1/Editor/Data/MonoBleedingEdge/lib/mono/unityjit-win32'
Mono config path = 'C:/Program Files/Unity/Hub/Editor/2022.3.27f1/Editor/Data/MonoBleedingEdge/etc'
Using monoOptions --debugger-agent=transport=dt_socket,embedding=1,server=y,suspend=n,address=127.0.0.1:56532
Begin MonoManager ReloadAssembly
Registering precompiled unity dll's ...
Register platform support module: C:/Program Files/Unity/Hub/Editor/2022.3.27f1/Editor/Data/PlaybackEngines/WindowsStandaloneSupport/UnityEditor.WindowsStandalone.Extensions.dll
Registered in 0.004630 seconds.
- Loaded All Assemblies, in  0.288 seconds
Native extension for WindowsStandalone target not found
Mono: successfully reloaded assembly
- Finished resetting the current domain, in  0.242 seconds
Domain Reload Profiling: 529ms
	BeginReloadAssembly (92ms)
		ExecutionOrderSort (0ms)
		DisableScriptedObjects (0ms)
		BackupInstance (0ms)
		ReleaseScriptingObjects (0ms)
		CreateAndSetChildDomain (1ms)
	RebuildCommonClasses (31ms)
	RebuildNativeTypeToScriptingClass (12ms)
	initialDomainReloadingComplete (43ms)
	LoadAllAssembliesAndSetupDomain (108ms)
		LoadAssemblies (91ms)
		RebuildTransferFunctionScriptingTraits (0ms)
		AnalyzeDomain (107ms)
			TypeCache.Refresh (105ms)
				TypeCache.ScanAssembly (93ms)
			ScanForSourceGeneratedMonoScriptInfo (0ms)
			ResolveRequiredComponents (0ms)
	FinalizeReload (242ms)
		ReleaseScriptCaches (0ms)
		RebuildScriptCaches (0ms)
		SetupLoadedEditorAssemblies (190ms)
			LogAssemblyErrors (0ms)
			InitializePlatformSupportModulesInManaged (8ms)
			SetLoadedEditorAssemblies (6ms)
			RefreshPlugins (0ms)
			BeforeProcessingInitializeOnLoad (2ms)
			ProcessInitializeOnLoadAttributes (134ms)
			ProcessInitializeOnLoadMethodAttributes (41ms)
			AfterProcessingInitializeOnLoad (0ms)
			EditorAssembliesLoaded (0ms)
		ExecutionOrderSort2 (0ms)
		AwakeInstancesAfterBackupRestoration (0ms)
========================================================================
Worker process is ready to serve import requests
Begin MonoManager ReloadAssembly
- Loaded All Assemblies, in  0.654 seconds
Refreshing native plugins compatible for Editor in 3.03 ms, found 4 plugins.
Native extension for WindowsStandalone target not found
Package Manager log level set to [2]
[Package Manager] Server::EnsureServerProcessIsRunning -- launch failed, reason: Unity was launched with the -noUpm command-line argument
[Package Manager] UpmClient::Send -- Unable to send message (not connected to UPM process).
[Package Manager] Cannot connect to Unity Package Manager local server
Mono: successfully reloaded assembly
- Finished resetting the current domain, in  0.574 seconds
Domain Reload Profiling: 1226ms
	BeginReloadAssembly (120ms)
		ExecutionOrderSort (0ms)
		DisableScriptedObjects (4ms)
		BackupInstance (0ms)
		ReleaseScriptingObjects (0ms)
		CreateAndSetChildDomain (16ms)
	RebuildCommonClasses (30ms)
	RebuildNativeTypeToScriptingClass (8ms)
	initialDomainReloadingComplete (39ms)
	LoadAllAssembliesAndSetupDomain (456ms)
		LoadAssemblies (302ms)
		RebuildTransferFunctionScriptingTraits (0ms)
		AnalyzeDomain (226ms)
			TypeCache.Refresh (200ms)
				TypeCache.ScanAssembly (186ms)
			ScanForSourceGeneratedMonoScriptInfo (20ms)
			ResolveRequiredComponents (5ms)
	FinalizeReload (575ms)
		ReleaseScriptCaches (0ms)
		RebuildScriptCaches (0ms)
		SetupLoadedEditorAssemblies (440ms)
			LogAssemblyErrors (0ms)
			InitializePlatformSupportModulesInManaged (6ms)
			SetLoadedEditorAssemblies (3ms)
			RefreshPlugins (0ms)
			BeforeProcessingInitializeOnLoad (54ms)
			ProcessInitializeOnLoadAttributes (335ms)
			ProcessInitializeOnLoadMethodAttributes (36ms)
			AfterProcessingInitializeOnLoad (6ms)
			EditorAssembliesLoaded (0ms)
		ExecutionOrderSort2 (0ms)
		AwakeInstancesAfterBackupRestoration (7ms)
Launched and connected shader compiler UnityShaderCompiler.exe after 0.05 seconds
Refreshing native plugins compatible for Editor in 5.37 ms, found 4 plugins.
Preloading 0 native plugins for Editor in 0.00 ms.
Unloading 5000 Unused Serialized files (Serialized files now loaded: 0)
Unloading 93 unused Assets / (1.4 MB). Loaded Objects now: 5475.
Memory consumption went from 195.2 MB to 193.9 MB.
Total: 5.036200 ms (FindLiveObjects: 0.346300 ms CreateObjectMapping: 0.188000 ms MarkObjects: 3.560300 ms  DeleteObjects: 0.940200 ms)

AssetImportParameters requested are different than current active one (requested -> active):
  custom:container-demuxer-ogg: 62fdf1f143b41e24485cea50d1cbac27 -> 
  custom:video-codec-MediaFoundation-h265: 746d11721c4dcdbdad8f713fa42b33f4 -> 
  custom:video-decoder-ogg-theora: a1e56fd34408186e4bbccfd4996cb3dc -> 
  custom:framework-win-MediaFoundation: 216162199b28c13a410421893ffa2e32 -> 
  custom:CustomObjectIndexerAttribute: 9a22284fe3817be447336de3de66b15e -> 
  custom:container-demuxer-webm: 4f35f7cbe854078d1ac9338744f61a02 -> 
  custom:container-muxer-webm: aa71ff27fc2769a1b78a27578f13a17b -> 
  custom:video-decoder-webm-vp8: 9c59270c3fd7afecdb556c50c9e8de78 -> 
  custom:SearchIndexIgnoredProperties: e643bd26f0fe6173181afceb89e7c659 -> 
  custom:AudioImporter_EditorPlatform: d09bf68614088b80899f8185d706f6e7 -> 
  custom:video-encoder-webm-vp8: eb34c28f22e8b96e1ab97ce403110664 -> 
  custom:audio-decoder-ogg-vorbis: bf7c407c2cedff20999df2af8eb42d56 -> 
  custom:audio-encoder-webm-vorbis: bf7c407c2cedff20999df2af8eb42d56 -> 
========================================================================
Received Import Request.
  Time since last request: 420192.567913 seconds.
  path: Assets/MapData/CartoonTracksPack1/Track1/Textures/garages.psd
  artifactKey: Guid(2e327bf3b8820f240bbc80f95c4e2428) Importer(815301076,1909f56bfc062723c751e8b465ee728b)
Start importing Assets/MapData/CartoonTracksPack1/Track1/Textures/garages.psd using Guid(2e327bf3b8820f240bbc80f95c4e2428) Importer(815301076,1909f56bfc062723c751e8b465ee728b)  -> (artifact id: 'ecd38aba651c5e1523e1c844cd003459') in 0.387386 seconds
Number of updated asset objects reloaded before import = 0
Number of asset objects unloaded after import = 2
========================================================================
Received Import Request.
  Time since last request: 24.723591 seconds.
  path: Assets/MapData/CartoonTracksPack1/Track1/Textures/garages_specular.psd
  artifactKey: Guid(8b66c629a162b2a47ad4cb64253665f9) Importer(815301076,1909f56bfc062723c751e8b465ee728b)
Start importing Assets/MapData/CartoonTracksPack1/Track1/Textures/garages_specular.psd using Guid(8b66c629a162b2a47ad4cb64253665f9) Importer(815301076,1909f56bfc062723c751e8b465ee728b)  -> (artifact id: '9c29a96eb74abe25b736f74d3b2e6a81') in 0.115677 seconds
Number of updated asset objects reloaded before import = 0
Number of asset objects unloaded after import = 2
========================================================================
Received Import Request.
  Time since last request: 163.856653 seconds.
  path: Assets/MapData/CartoonTracksPack1/Track1/Textures/garages_specular1.psd
  artifactKey: Guid(8b66c629a162b2a47ad4cb64253665f9) Importer(815301076,1909f56bfc062723c751e8b465ee728b)
Start importing Assets/MapData/CartoonTracksPack1/Track1/Textures/garages_specular1.psd using Guid(8b66c629a162b2a47ad4cb64253665f9) Importer(815301076,1909f56bfc062723c751e8b465ee728b)  -> (artifact id: '19c04412a75d64cde54823b2bb605934') in 0.043453 seconds
Number of updated asset objects reloaded before import = 0
Number of asset objects unloaded after import = 2
========================================================================
Received Import Request.
  Time since last request: 1662.543110 seconds.
  path: Assets/Resources/Map/RaceTrack.prefab
  artifactKey: Guid(c9ca68640c29bde429e71f25a3cafcd4) Importer(815301076,1909f56bfc062723c751e8b465ee728b)
Start importing Assets/Resources/Map/RaceTrack.prefab using Guid(c9ca68640c29bde429e71f25a3cafcd4) Importer(815301076,1909f56bfc062723c751e8b465ee728b)  -> (artifact id: '87469033d105e5d708b1e1e6fc36ae0e') in 1.954965 seconds
Number of updated asset objects reloaded before import = 0
Number of asset objects unloaded after import = 3308
========================================================================
Received Import Request.
  Time since last request: 2.362642 seconds.
  path: Assets/MapData/CartoonTracksPack1/Track1/Prefabs/Track/oval_mod_pitwall.prefab
  artifactKey: Guid(2953943eb6ab8e24081b12ab3f22a4b3) Importer(815301076,1909f56bfc062723c751e8b465ee728b)
Start importing Assets/MapData/CartoonTracksPack1/Track1/Prefabs/Track/oval_mod_pitwall.prefab using Guid(2953943eb6ab8e24081b12ab3f22a4b3) Importer(815301076,1909f56bfc062723c751e8b465ee728b)  -> (artifact id: '0865561998c127a93806bf50c1317335') in 0.288040 seconds
Number of updated asset objects reloaded before import = 0
Number of asset objects unloaded after import = 10
========================================================================
Received Import Request.
  Time since last request: 0.000040 seconds.
  path: Assets/MapData/CartoonTracksPack1/Track1/Prefabs/Track/oval_mod_tents.prefab
  artifactKey: Guid(236da01a3a0ddb94399e07ecc8b36af9) Importer(815301076,1909f56bfc062723c751e8b465ee728b)
Start importing Assets/MapData/CartoonTracksPack1/Track1/Prefabs/Track/oval_mod_tents.prefab using Guid(236da01a3a0ddb94399e07ecc8b36af9) Importer(815301076,1909f56bfc062723c751e8b465ee728b)  -> (artifact id: '6800e37f51085ed721fbe5ad5a547325') in 0.160497 seconds
Number of updated asset objects reloaded before import = 0
Number of asset objects unloaded after import = 22
========================================================================
Received Import Request.
  Time since last request: 0.000037 seconds.
  path: Assets/MapData/CartoonTracksPack1/Track1/Prefabs/Track/oval_mod_walls.prefab
  artifactKey: Guid(06d347a4ad00ae943995b10715a3cd1a) Importer(815301076,1909f56bfc062723c751e8b465ee728b)
Start importing Assets/MapData/CartoonTracksPack1/Track1/Prefabs/Track/oval_mod_walls.prefab using Guid(06d347a4ad00ae943995b10715a3cd1a) Importer(815301076,1909f56bfc062723c751e8b465ee728b)  -> (artifact id: '011080e2adea371b095d5304e70ad265') in 0.140589 seconds
Number of updated asset objects reloaded before import = 0
Number of asset objects unloaded after import = 234
========================================================================
Received Import Request.
  Time since last request: 0.000021 seconds.
  path: Assets/MapData/CartoonTracksPack1/Track1/Prefabs/Track/oval_mod_turnsigns.prefab
  artifactKey: Guid(2b742cea3010f98448c0976eb0724a22) Importer(815301076,1909f56bfc062723c751e8b465ee728b)
Start importing Assets/MapData/CartoonTracksPack1/Track1/Prefabs/Track/oval_mod_turnsigns.prefab using Guid(2b742cea3010f98448c0976eb0724a22) Importer(815301076,1909f56bfc062723c751e8b465ee728b)  -> (artifact id: '60f6c615a403b402b74e0cb8308c8d20') in 0.092485 seconds
Number of updated asset objects reloaded before import = 0
Number of asset objects unloaded after import = 17
========================================================================
Received Import Request.
  Time since last request: 3.845307 seconds.
  path: Assets/MapData/CartoonTracksPack1/Track1/Physics Materials/Tyre.physicMaterial
  artifactKey: Guid(25bb2e7ca5061cf42b8bbe6f32ed2922) Importer(815301076,1909f56bfc062723c751e8b465ee728b)
Start importing Assets/MapData/CartoonTracksPack1/Track1/Physics Materials/Tyre.physicMaterial using Guid(25bb2e7ca5061cf42b8bbe6f32ed2922) Importer(815301076,1909f56bfc062723c751e8b465ee728b)  -> (artifact id: 'd282bc1bb2010edf19c64b4397f89c18') in 0.000966 seconds
Number of updated asset objects reloaded before import = 0
Number of asset objects unloaded after import = 1
========================================================================
Received Import Request.
  Time since last request: 0.002378 seconds.
  path: Assets/MapData/CartoonTracksPack1/Track1/Physics Materials/wall.physicMaterial
  artifactKey: Guid(88ae8967ae5e1514abc111b523990106) Importer(815301076,1909f56bfc062723c751e8b465ee728b)
Start importing Assets/MapData/CartoonTracksPack1/Track1/Physics Materials/wall.physicMaterial using Guid(88ae8967ae5e1514abc111b523990106) Importer(815301076,1909f56bfc062723c751e8b465ee728b)  -> (artifact id: '174693243783de101d6407c667f9c308') in 0.002214 seconds
Number of updated asset objects reloaded before import = 0
Number of asset objects unloaded after import = 1
========================================================================
Received Import Request.
  Time since last request: 2.579119 seconds.
  path: Assets/MapData/CartoonTracksPack1/Track1/Prefabs/Props/prop_arrow_short.prefab
  artifactKey: Guid(472e3ae43fca96e41b2d7525cf75f0c6) Importer(815301076,1909f56bfc062723c751e8b465ee728b)
Start importing Assets/MapData/CartoonTracksPack1/Track1/Prefabs/Props/prop_arrow_short.prefab using Guid(472e3ae43fca96e41b2d7525cf75f0c6) Importer(815301076,1909f56bfc062723c751e8b465ee728b)  -> (artifact id: '8556981c9ac2b1311dd55b562dafd541') in 0.301143 seconds
Number of updated asset objects reloaded before import = 0
Number of asset objects unloaded after import = 10
========================================================================
Received Import Request.
  Time since last request: 0.000026 seconds.
  path: Assets/MapData/CartoonTracksPack1/Track1/Prefabs/Props/prop_distance_1.prefab
  artifactKey: Guid(f2a6c94103fcb064ab365b61254538c3) Importer(815301076,1909f56bfc062723c751e8b465ee728b)
Start importing Assets/MapData/CartoonTracksPack1/Track1/Prefabs/Props/prop_distance_1.prefab using Guid(f2a6c94103fcb064ab365b61254538c3) Importer(815301076,1909f56bfc062723c751e8b465ee728b)  -> (artifact id: '392601cfbf23c80f3b75bdba9311b9a8') in 0.118051 seconds
Number of updated asset objects reloaded before import = 0
Number of asset objects unloaded after import = 10
========================================================================
Received Import Request.
  Time since last request: 0.000026 seconds.
  path: Assets/MapData/CartoonTracksPack1/Track1/Prefabs/Props/prop_exitlights.prefab
  artifactKey: Guid(146a70e72cd9b154ab821e36a14b0bfc) Importer(815301076,1909f56bfc062723c751e8b465ee728b)
Start importing Assets/MapData/CartoonTracksPack1/Track1/Prefabs/Props/prop_exitlights.prefab using Guid(146a70e72cd9b154ab821e36a14b0bfc) Importer(815301076,1909f56bfc062723c751e8b465ee728b)  -> (artifact id: '52727573a32e91101545bede13e28c1b') in 0.085326 seconds
Number of updated asset objects reloaded before import = 0
Number of asset objects unloaded after import = 16
========================================================================
Received Import Request.
  Time since last request: 0.000020 seconds.
  path: Assets/MapData/CartoonTracksPack1/Track1/Prefabs/Props/prop_distance_3.prefab
  artifactKey: Guid(f7bbaa5309bc8ce4286d16447db54563) Importer(815301076,1909f56bfc062723c751e8b465ee728b)
Start importing Assets/MapData/CartoonTracksPack1/Track1/Prefabs/Props/prop_distance_3.prefab using Guid(f7bbaa5309bc8ce4286d16447db54563) Importer(815301076,1909f56bfc062723c751e8b465ee728b)  -> (artifact id: 'f532963ae534d7dbb45ab54891700db2') in 0.101424 seconds
Number of updated asset objects reloaded before import = 0
Number of asset objects unloaded after import = 10
========================================================================
Received Import Request.
  Time since last request: 0.030173 seconds.
  path: Assets/MapData/CartoonTracksPack1/Track1/Prefabs/Track/oval_mod_bridges.prefab
  artifactKey: Guid(bde06e7a046f3f341a9c307888b8df9a) Importer(815301076,1909f56bfc062723c751e8b465ee728b)
Start importing Assets/MapData/CartoonTracksPack1/Track1/Prefabs/Track/oval_mod_bridges.prefab using Guid(bde06e7a046f3f341a9c307888b8df9a) Importer(815301076,1909f56bfc062723c751e8b465ee728b)  -> (artifact id: '890f1471c2d048bba7a316ec847f0505') in 0.078156 seconds
Number of updated asset objects reloaded before import = 0
Number of asset objects unloaded after import = 82
========================================================================
Received Import Request.
  Time since last request: 0.000028 seconds.
  path: Assets/MapData/CartoonTracksPack1/Track1/Prefabs/Track/oval_mod_lamps.prefab
  artifactKey: Guid(cae49809804330a498981fb4fd11d70e) Importer(815301076,1909f56bfc062723c751e8b465ee728b)
Start importing Assets/MapData/CartoonTracksPack1/Track1/Prefabs/Track/oval_mod_lamps.prefab using Guid(cae49809804330a498981fb4fd11d70e) Importer(815301076,1909f56bfc062723c751e8b465ee728b)  -> (artifact id: '60463f900d4fe22804ab391441f8f443') in 0.078431 seconds
Number of updated asset objects reloaded before import = 0
Number of asset objects unloaded after import = 27
========================================================================
Received Import Request.
  Time since last request: 1505.344000 seconds.
  path: Assets/MapData/CartoonTracksPack1/Track1/Textures/garages.psd
  artifactKey: Guid(2e327bf3b8820f240bbc80f95c4e2428) Importer(815301076,1909f56bfc062723c751e8b465ee728b)
Start importing Assets/MapData/CartoonTracksPack1/Track1/Textures/garages.psd using Guid(2e327bf3b8820f240bbc80f95c4e2428) Importer(815301076,1909f56bfc062723c751e8b465ee728b)  -> (artifact id: '5d7e5c4c2f0c5178e4c9307167200586') in 0.166294 seconds
Number of updated asset objects reloaded before import = 0
Number of asset objects unloaded after import = 2
========================================================================
Received Import Request.
  Time since last request: 7.868632 seconds.
  path: Assets/MapData/CartoonTracksPack1/Track1/Textures/road_normal.png
  artifactKey: Guid(0f084c45490ec5a4f98bbff289fbd47e) Importer(815301076,1909f56bfc062723c751e8b465ee728b)
Start importing Assets/MapData/CartoonTracksPack1/Track1/Textures/road_normal.png using Guid(0f084c45490ec5a4f98bbff289fbd47e) Importer(815301076,1909f56bfc062723c751e8b465ee728b)  -> (artifact id: '870e31c363d7ffd51f790a62a0890bf4') in 0.093395 seconds
Number of updated asset objects reloaded before import = 0
Number of asset objects unloaded after import = 2
========================================================================
Received Import Request.
  Time since last request: 2746.875755 seconds.
  path: Assets/MapData/CartoonTracksPack1/Track1/Textures/road_normal.png
  artifactKey: Guid(0f084c45490ec5a4f98bbff289fbd47e) Importer(815301076,1909f56bfc062723c751e8b465ee728b)
Start importing Assets/MapData/CartoonTracksPack1/Track1/Textures/road_normal.png using Guid(0f084c45490ec5a4f98bbff289fbd47e) Importer(815301076,1909f56bfc062723c751e8b465ee728b)  -> (artifact id: 'cef37cb2796050c5653982b23f752f3d') in 0.042575 seconds
Number of updated asset objects reloaded before import = 0
Number of asset objects unloaded after import = 2
========================================================================
Received Import Request.
  Time since last request: 23.854539 seconds.
  path: Assets/MapData/CartoonTracksPack1/Track1/Textures/road.psd
  artifactKey: Guid(e4ea0fdecd4baa1469dd79e7bd5c6111) Importer(815301076,1909f56bfc062723c751e8b465ee728b)
Start importing Assets/MapData/CartoonTracksPack1/Track1/Textures/road.psd using Guid(e4ea0fdecd4baa1469dd79e7bd5c6111) Importer(815301076,1909f56bfc062723c751e8b465ee728b)  -> (artifact id: 'c905207f8dd7c8303a71a37e5799ca9b') in 0.080633 seconds
Number of updated asset objects reloaded before import = 0
Number of asset objects unloaded after import = 2
========================================================================
Received Import Request.
  Time since last request: 44.120126 seconds.
  path: Assets/MapData/CartoonTracksPack1/Track1/Textures/road_normal1.png
  artifactKey: Guid(0f084c45490ec5a4f98bbff289fbd47e) Importer(815301076,1909f56bfc062723c751e8b465ee728b)
Start importing Assets/MapData/CartoonTracksPack1/Track1/Textures/road_normal1.png using Guid(0f084c45490ec5a4f98bbff289fbd47e) Importer(815301076,1909f56bfc062723c751e8b465ee728b)  -> (artifact id: '042805c5189cbd0927601b1f1ab03c4c') in 0.020723 seconds
Number of updated asset objects reloaded before import = 0
Number of asset objects unloaded after import = 2
========================================================================
Received Import Request.
  Time since last request: 6.338607 seconds.
  path: Assets/MapData/CartoonTracksPack1/Track1/Textures/road1.psd
  artifactKey: Guid(e4ea0fdecd4baa1469dd79e7bd5c6111) Importer(815301076,1909f56bfc062723c751e8b465ee728b)
Start importing Assets/MapData/CartoonTracksPack1/Track1/Textures/road1.psd using Guid(e4ea0fdecd4baa1469dd79e7bd5c6111) Importer(815301076,1909f56bfc062723c751e8b465ee728b)  -> (artifact id: '5154be06256be169c83a73f4fc5813ad') in 0.005666 seconds
Number of updated asset objects reloaded before import = 0
Number of asset objects unloaded after import = 2
